# JRE version: OpenJDK Runtime Environment (17.0.10) (build 17.0.10+0--11609105)
# Java VM: OpenJDK 64-Bit Server VM (17.0.10+0--11609105, mixed mode, tiered, compressed oops, compressed class ptrs, g1 gc, windows-amd64)
GC Precious Log:
 CPUs: 8 total, 8 available
 Memory: 16108M
 Large Page Support: Disabled
 NUMA Support: Disabled
 Compressed Oops: Enabled (32-bit)
 Heap Region Size: 1M
 Heap Min Capacity: 8M
 Heap Initial Capacity: 252M
 Heap Max Capacity: 2G
 Pre-touch: Disabled
 Parallel Workers: 8
 Concurrent Workers: 2
 Concurrent Refinement Workers: 8
 Periodic GC: Disabled
Heap:
 garbage-first heap   total 336896K, used 215226K [0x0000000080000000, 0x0000000100000000)
  region size 1024K, 33 young (33792K), 2 survivors (2048K)
 Metaspace       used 139010K, committed 140096K, reserved 1179648K
  class space    used 19129K, committed 19648K, reserved 1048576K
GC Heap History (20 events):
Event: 24.384 GC heap before
{Heap before GC invocations=40 (full 0):
 garbage-first heap   total 282624K, used 233435K [0x0000000080000000, 0x0000000100000000)
  region size 1024K, 102 young (104448K), 8 survivors (8192K)
 Metaspace       used 110419K, committed 111232K, reserved 1179648K
  class space    used 15130K, committed 15488K, reserved 1048576K
}
Event: 24.397 GC heap after
{Heap after GC invocations=41 (full 0):
 garbage-first heap   total 282624K, used 143445K [0x0000000080000000, 0x0000000100000000)
  region size 1024K, 14 young (14336K), 14 survivors (14336K)
 Metaspace       used 110419K, committed 111232K, reserved 1179648K
  class space    used 15130K, committed 15488K, reserved 1048576K
}
Event: 117.122 GC heap before
{Heap before GC invocations=42 (full 0):
 garbage-first heap   total 336896K, used 313429K [0x0000000080000000, 0x0000000100000000)
  region size 1024K, 96 young (98304K), 14 survivors (14336K)
 Metaspace       used 116439K, committed 117312K, reserved 1179648K
  class space    used 15739K, committed 16192K, reserved 1048576K
}
Event: 117.140 GC heap after
{Heap after GC invocations=43 (full 0):
 garbage-first heap   total 336896K, used 139071K [0x0000000080000000, 0x0000000100000000)
  region size 1024K, 5 young (5120K), 5 survivors (5120K)
 Metaspace       used 116439K, committed 117312K, reserved 1179648K
  class space    used 15739K, committed 16192K, reserved 1048576K
}
Event: 117.322 GC heap before
{Heap before GC invocations=43 (full 0):
 garbage-first heap   total 336896K, used 150335K [0x0000000080000000, 0x0000000100000000)
  region size 1024K, 16 young (16384K), 5 survivors (5120K)
 Metaspace       used 116551K, committed 117376K, reserved 1179648K
  class space    used 15748K, committed 16192K, reserved 1048576K
}
Event: 117.331 GC heap after
{Heap after GC invocations=44 (full 0):
 garbage-first heap   total 336896K, used 138210K [0x0000000080000000, 0x0000000100000000)
  region size 1024K, 2 young (2048K), 2 survivors (2048K)
 Metaspace       used 116551K, committed 117376K, reserved 1179648K
  class space    used 15748K, committed 16192K, reserved 1048576K
}
Event: 310.421 GC heap before
{Heap before GC invocations=44 (full 0):
 garbage-first heap   total 336896K, used 277474K [0x0000000080000000, 0x0000000100000000)
  region size 1024K, 138 young (141312K), 2 survivors (2048K)
 Metaspace       used 117400K, committed 118272K, reserved 1179648K
  class space    used 15794K, committed 16256K, reserved 1048576K
}
Event: 310.440 GC heap after
{Heap after GC invocations=45 (full 0):
 garbage-first heap   total 336896K, used 150310K [0x0000000080000000, 0x0000000100000000)
  region size 1024K, 14 young (14336K), 14 survivors (14336K)
 Metaspace       used 117400K, committed 118272K, reserved 1179648K
  class space    used 15794K, committed 16256K, reserved 1048576K
}
Event: 313.433 GC heap before
{Heap before GC invocations=45 (full 0):
 garbage-first heap   total 336896K, used 273190K [0x0000000080000000, 0x0000000100000000)
  region size 1024K, 135 young (138240K), 14 survivors (14336K)
 Metaspace       used 119974K, committed 120896K, reserved 1179648K
  class space    used 16072K, committed 16512K, reserved 1048576K
}
Event: 313.458 GC heap after
{Heap after GC invocations=46 (full 0):
 garbage-first heap   total 336896K, used 162511K [0x0000000080000000, 0x0000000100000000)
  region size 1024K, 13 young (13312K), 13 survivors (13312K)
 Metaspace       used 119974K, committed 120896K, reserved 1179648K
  class space    used 16072K, committed 16512K, reserved 1048576K
}
Event: 321.132 GC heap before
{Heap before GC invocations=46 (full 0):
 garbage-first heap   total 336896K, used 275151K [0x0000000080000000, 0x0000000100000000)
  region size 1024K, 124 young (126976K), 13 survivors (13312K)
 Metaspace       used 123830K, committed 124928K, reserved 1179648K
  class space    used 16661K, committed 17216K, reserved 1048576K
}
Event: 321.160 GC heap after
{Heap after GC invocations=47 (full 0):
 garbage-first heap   total 336896K, used 174813K [0x0000000080000000, 0x0000000100000000)
  region size 1024K, 12 young (12288K), 12 survivors (12288K)
 Metaspace       used 123830K, committed 124928K, reserved 1179648K
  class space    used 16661K, committed 17216K, reserved 1048576K
}
Event: 322.452 GC heap before
{Heap before GC invocations=48 (full 0):
 garbage-first heap   total 336896K, used 266973K [0x0000000080000000, 0x0000000100000000)
  region size 1024K, 111 young (113664K), 12 survivors (12288K)
 Metaspace       used 136601K, committed 137664K, reserved 1179648K
  class space    used 18694K, committed 19200K, reserved 1048576K
}
Event: 322.470 GC heap after
{Heap after GC invocations=49 (full 0):
 garbage-first heap   total 336896K, used 170542K [0x0000000080000000, 0x0000000100000000)
  region size 1024K, 4 young (4096K), 4 survivors (4096K)
 Metaspace       used 136601K, committed 137664K, reserved 1179648K
  class space    used 18694K, committed 19200K, reserved 1048576K
}
Event: 322.802 GC heap before
{Heap before GC invocations=49 (full 0):
 garbage-first heap   total 336896K, used 181806K [0x0000000080000000, 0x0000000100000000)
  region size 1024K, 16 young (16384K), 4 survivors (4096K)
 Metaspace       used 137642K, committed 138688K, reserved 1179648K
  class space    used 18881K, committed 19392K, reserved 1048576K
}
Event: 322.825 GC heap after
{Heap after GC invocations=50 (full 0):
 garbage-first heap   total 336896K, used 152576K [0x0000000080000000, 0x0000000100000000)
  region size 1024K, 1 young (1024K), 1 survivors (1024K)
 Metaspace       used 137642K, committed 138688K, reserved 1179648K
  class space    used 18881K, committed 19392K, reserved 1048576K
}
Event: 323.736 GC heap before
{Heap before GC invocations=50 (full 0):
 garbage-first heap   total 336896K, used 186368K [0x0000000080000000, 0x0000000100000000)
  region size 1024K, 20 young (20480K), 1 survivors (1024K)
 Metaspace       used 138944K, committed 140032K, reserved 1179648K
  class space    used 19133K, committed 19648K, reserved 1048576K
}
Event: 323.740 GC heap after
{Heap after GC invocations=51 (full 0):
 garbage-first heap   total 336896K, used 169176K [0x0000000080000000, 0x0000000100000000)
  region size 1024K, 2 young (2048K), 2 survivors (2048K)
 Metaspace       used 138944K, committed 140032K, reserved 1179648K
  class space    used 19133K, committed 19648K, reserved 1048576K
}
Event: 323.744 GC heap before
{Heap before GC invocations=51 (full 0):
 garbage-first heap   total 336896K, used 171224K [0x0000000080000000, 0x0000000100000000)
  region size 1024K, 3 young (3072K), 2 survivors (2048K)
 Metaspace       used 138944K, committed 140032K, reserved 1179648K
  class space    used 19133K, committed 19648K, reserved 1048576K
}
Event: 323.747 GC heap after
{Heap after GC invocations=52 (full 0):
 garbage-first heap   total 336896K, used 171194K [0x0000000080000000, 0x0000000100000000)
  region size 1024K, 2 young (2048K), 2 survivors (2048K)
 Metaspace       used 138944K, committed 140032K, reserved 1179648K
  class space    used 19133K, committed 19648K, reserved 1048576K
}

